<?xml version="1.0" encoding="UTF-8"?>
<testng-results total="1" passed="1" failed="0" skipped="0">
  <reporter-output>
  </reporter-output>
  <suite started-at="2020-10-01T12:14:02Z" name="Default suite" finished-at="2020-10-01T12:14:10Z" duration-ms="7286">
    <groups>
    </groups>
    <test started-at="2020-10-01T12:14:02Z" name="Default test" finished-at="2020-10-01T12:14:10Z" duration-ms="7286">
      <class name="MainTests.Research">
        <test-method is-config="true" signature="beforeSuite()[pri:0, instance:MainTests.Research@6ab7a896]" started-at="2020-10-01T17:13:57Z" name="beforeSuite" finished-at="2020-10-01T17:14:02Z" duration-ms="5011" status="PASS">
          <reporter-output>
          </reporter-output>
        </test-method> <!-- beforeSuite -->
        <test-method signature="f()[pri:0, instance:MainTests.Research@6ab7a896]" started-at="2020-10-01T17:14:02Z" name="f" finished-at="2020-10-01T17:14:09Z" duration-ms="7260" status="PASS">
          <reporter-output>
          </reporter-output>
        </test-method> <!-- f -->
        <test-method is-config="true" signature="afterSuite()[pri:0, instance:MainTests.Research@6ab7a896]" started-at="2020-10-01T17:14:10Z" name="afterSuite" finished-at="2020-10-01T17:14:20Z" duration-ms="10051" status="PASS">
          <reporter-output>
          </reporter-output>
        </test-method> <!-- afterSuite -->
      </class> <!-- MainTests.Research -->
    </test> <!-- Default test -->
  </suite> <!-- Default suite -->
</testng-results>
