<?xml version="1.0" encoding="UTF-8"?>
<testng-results total="1" passed="1" failed="0" skipped="0">
  <reporter-output>
  </reporter-output>
  <suite started-at="2020-09-29T10:51:06Z" name="Suite" finished-at="2020-09-29T10:52:01Z" duration-ms="54820">
    <groups>
    </groups>
    <test started-at="2020-09-29T10:51:06Z" name="Test" finished-at="2020-09-29T10:52:01Z" duration-ms="54820">
      <class name="MainTests.AutomatedSteps">
        <test-method is-config="true" signature="beforeSuite()[pri:0, instance:MainTests.AutomatedSteps@659499f1]" started-at="2020-09-29T15:51:02Z" name="beforeSuite" finished-at="2020-09-29T15:51:06Z" duration-ms="4490" status="PASS">
          <reporter-output>
          </reporter-output>
        </test-method> <!-- beforeSuite -->
        <test-method is-config="true" signature="initialize()[pri:0, instance:MainTests.AutomatedSteps@659499f1]" started-at="2020-09-29T15:51:06Z" name="initialize" finished-at="2020-09-29T15:51:06Z" duration-ms="0" status="PASS">
          <reporter-output>
          </reporter-output>
        </test-method> <!-- initialize -->
        <test-method signature="contentVerificationAutomated()[pri:0, instance:MainTests.AutomatedSteps@659499f1]" started-at="2020-09-29T15:51:06Z" name="contentVerificationAutomated" finished-at="2020-09-29T15:52:01Z" duration-ms="54788" status="PASS">
          <reporter-output>
          </reporter-output>
        </test-method> <!-- contentVerificationAutomated -->
        <test-method is-config="true" signature="afterSuite()[pri:0, instance:MainTests.AutomatedSteps@659499f1]" started-at="2020-09-29T15:52:01Z" name="afterSuite" finished-at="2020-09-29T15:52:03Z" duration-ms="1510" status="PASS">
          <reporter-output>
          </reporter-output>
        </test-method> <!-- afterSuite -->
      </class> <!-- MainTests.AutomatedSteps -->
    </test> <!-- Test -->
  </suite> <!-- Suite -->
</testng-results>
